<?xml version="1.0" encoding="UTF-8"?>
<!-- Generated by org.testng.reporters.JUnitXMLReporter -->
<testsuite hostname="D-113030090" name="Test" tests="1" failures="1" timestamp="13 Feb 2018 07:12:14 GMT" time="0.112" errors="0">
  <testcase name="jenkins" time="0.095" classname="jenkins.Jenkinsdemo">
    <failure type="java.lang.IllegalStateException" message="The driver executable does not exist: D:\Batch -2 Workspace\Selenium_Batch_Two\.\lib\ss\chromedriver.exe">
      <![CDATA[java.lang.IllegalStateException: The driver executable does not exist: D:\Batch -2 Workspace\Selenium_Batch_Two\.\lib\ss\chromedriver.exe
	at com.google.common.base.Preconditions.checkState(Preconditions.java:534)
	at org.openqa.selenium.remote.service.DriverService.checkExecutable(DriverService.java:136)
	at org.openqa.selenium.remote.service.DriverService.findExecutable(DriverService.java:131)
	at org.openqa.selenium.chrome.ChromeDriverService.access$000(ChromeDriverService.java:32)
	at org.openqa.selenium.chrome.ChromeDriverService$Builder.findDefaultExecutable(ChromeDriverService.java:137)
	at org.openqa.selenium.remote.service.DriverService$Builder.build(DriverService.java:339)
	at org.openqa.selenium.chrome.ChromeDriverService.createDefaultService(ChromeDriverService.java:88)
	at org.openqa.selenium.chrome.ChromeDriver.<init>(ChromeDriver.java:123)
	at jenkins.Jenkinsdemo.jenkins(Jenkinsdemo.java:12)
... Removed 23 stack frames]]>
    </failure>
  </testcase> <!-- jenkins -->
</testsuite> <!-- Test -->
